<?xml version="1.0" encoding="UTF-8"?>
<testng-results ignored="0" total="4" passed="4" failed="0" skipped="0">
  <reporter-output>
  </reporter-output>
  <suite started-at="2020-04-30T14:28:00 PKT" name="Suite1" finished-at="2020-04-30T14:28:10 PKT" duration-ms="9942">
    <groups>
    </groups>
    <test started-at="2020-04-30T14:28:00 PKT" name="Test1" finished-at="2020-04-30T14:28:10 PKT" duration-ms="9942">
      <class name="pages.Cases_page">
        <test-method signature="Case_Desktop_tab()[pri:1, instance:pages.Cases_page@647fd8ce]" started-at="2020-04-30T14:28:03 PKT" name="Case_Desktop_tab" finished-at="2020-04-30T14:28:04 PKT" duration-ms="831" status="PASS">
          <reporter-output>
          </reporter-output>
        </test-method> <!-- Case_Desktop_tab -->
      </class> <!-- pages.Cases_page -->
      <class name="pages.Service_Mngt_page">
        <test-method signature="Service_management_Desktop()[pri:1, instance:pages.Service_Mngt_page@159f197]" started-at="2020-04-30T14:28:04 PKT" name="Service_management_Desktop" finished-at="2020-04-30T14:28:05 PKT" duration-ms="1202" status="PASS">
          <reporter-output>
          </reporter-output>
        </test-method> <!-- Service_management_Desktop -->
      </class> <!-- pages.Service_Mngt_page -->
      <class name="pages.Login_Logout_Page">
        <test-method is-config="true" signature="setUpTest()[pri:0, instance:pages.Login_Logout_Page@6193932a]" started-at="2020-04-30T14:27:38 PKT" name="setUpTest" finished-at="2020-04-30T14:28:00 PKT" duration-ms="22054" status="PASS">
          <reporter-output>
          </reporter-output>
        </test-method> <!-- setUpTest -->
        <test-method is-config="true" signature="Login()[pri:0, instance:pages.Login_Logout_Page@6193932a]" started-at="2020-04-30T14:28:00 PKT" name="Login" finished-at="2020-04-30T14:28:03 PKT" duration-ms="3427" status="PASS">
          <reporter-output>
          </reporter-output>
        </test-method> <!-- Login -->
        <test-method signature="somethi()[pri:0, instance:pages.Login_Logout_Page@6193932a]" started-at="2020-04-30T14:28:03 PKT" name="somethi" finished-at="2020-04-30T14:28:03 PKT" duration-ms="16" status="PASS">
          <reporter-output>
          </reporter-output>
        </test-method> <!-- somethi -->
        <test-method signature="somethi1()[pri:0, instance:pages.Login_Logout_Page@6193932a]" started-at="2020-04-30T14:28:03 PKT" name="somethi1" finished-at="2020-04-30T14:28:03 PKT" duration-ms="4" status="PASS">
          <reporter-output>
          </reporter-output>
        </test-method> <!-- somethi1 -->
        <test-method is-config="true" signature="Logout()[pri:0, instance:pages.Login_Logout_Page@6193932a]" started-at="2020-04-30T14:28:05 PKT" name="Logout" finished-at="2020-04-30T14:28:10 PKT" duration-ms="4363" status="PASS">
          <reporter-output>
          </reporter-output>
        </test-method> <!-- Logout -->
        <test-method is-config="true" signature="tearDownTest()[pri:0, instance:pages.Login_Logout_Page@6193932a]" started-at="2020-04-30T14:28:10 PKT" name="tearDownTest" finished-at="2020-04-30T14:28:11 PKT" duration-ms="822" status="PASS">
          <reporter-output>
          </reporter-output>
        </test-method> <!-- tearDownTest -->
      </class> <!-- pages.Login_Logout_Page -->
    </test> <!-- Test1 -->
  </suite> <!-- Suite1 -->
</testng-results>
