<?xml version="1.0" encoding="UTF-8"?>
<testng-results ignored="0" total="9" passed="9" failed="0" skipped="0">
  <reporter-output>
  </reporter-output>
  <suite started-at="2020-04-30T17:01:52 PKT" name="Suite1" finished-at="2020-04-30T17:03:17 PKT" duration-ms="85410">
    <groups>
    </groups>
    <test started-at="2020-04-30T17:01:52 PKT" name="Test1" finished-at="2020-04-30T17:03:17 PKT" duration-ms="85410">
      <class name="pages.Cases_page">
        <test-method signature="Case_Desktop_tab()[pri:1, instance:pages.Cases_page@2b6faea6]" started-at="2020-04-30T17:02:57 PKT" name="Case_Desktop_tab" finished-at="2020-04-30T17:02:57 PKT" duration-ms="376" status="PASS">
          <reporter-output>
          </reporter-output>
        </test-method> <!-- Case_Desktop_tab -->
        <test-method signature="Case_Add_new()[pri:2, instance:pages.Cases_page@2b6faea6]" started-at="2020-04-30T17:02:57 PKT" name="Case_Add_new" finished-at="2020-04-30T17:03:05 PKT" duration-ms="7611" status="PASS">
          <reporter-output>
          </reporter-output>
        </test-method> <!-- Case_Add_new -->
      </class> <!-- pages.Cases_page -->
      <class name="pages.Service_Mngt_page">
        <test-method signature="Service_management_Desktop()[pri:1, instance:pages.Service_Mngt_page@778d1062]" started-at="2020-04-30T17:03:05 PKT" name="Service_management_Desktop" finished-at="2020-04-30T17:03:05 PKT" duration-ms="311" status="PASS">
          <reporter-output>
          </reporter-output>
        </test-method> <!-- Service_management_Desktop -->
        <test-method signature="Service_Mng_Add_new()[pri:2, instance:pages.Service_Mngt_page@778d1062]" started-at="2020-04-30T17:03:05 PKT" name="Service_Mng_Add_new" finished-at="2020-04-30T17:03:13 PKT" duration-ms="7498" status="PASS">
          <reporter-output>
          </reporter-output>
        </test-method> <!-- Service_Mng_Add_new -->
      </class> <!-- pages.Service_Mngt_page -->
      <class name="pages.Login_Logout_Page">
        <test-method is-config="true" signature="setUpTest()[pri:0, instance:pages.Login_Logout_Page@4313f5bc]" started-at="2020-04-30T17:01:27 PKT" name="setUpTest" finished-at="2020-04-30T17:01:52 PKT" duration-ms="24350" status="PASS">
          <reporter-output>
          </reporter-output>
        </test-method> <!-- setUpTest -->
        <test-method is-config="true" signature="Login()[pri:0, instance:pages.Login_Logout_Page@4313f5bc]" started-at="2020-04-30T17:01:52 PKT" name="Login" finished-at="2020-04-30T17:01:56 PKT" duration-ms="4616" status="PASS">
          <reporter-output>
          </reporter-output>
        </test-method> <!-- Login -->
        <test-method is-config="true" signature="Logout()[pri:0, instance:pages.Login_Logout_Page@4313f5bc]" started-at="2020-04-30T17:03:13 PKT" name="Logout" finished-at="2020-04-30T17:03:17 PKT" duration-ms="4521" status="PASS">
          <reporter-output>
          </reporter-output>
        </test-method> <!-- Logout -->
        <test-method is-config="true" signature="tearDownTest()[pri:0, instance:pages.Login_Logout_Page@4313f5bc]" started-at="2020-04-30T17:03:17 PKT" name="tearDownTest" finished-at="2020-04-30T17:03:18 PKT" duration-ms="966" status="PASS">
          <reporter-output>
          </reporter-output>
        </test-method> <!-- tearDownTest -->
      </class> <!-- pages.Login_Logout_Page -->
      <class name="pages.Agent_desk_page">
        <test-method signature="Agent_Desktop()[pri:1, instance:pages.Agent_desk_page@7f010382]" started-at="2020-04-30T17:01:56 PKT" name="Agent_Desktop" finished-at="2020-04-30T17:02:01 PKT" duration-ms="4553" status="PASS">
          <reporter-output>
          </reporter-output>
        </test-method> <!-- Agent_Desktop -->
        <test-method signature="Agent_Desk_tick_Correct_Qs()[pri:2, instance:pages.Agent_desk_page@7f010382]" started-at="2020-04-30T17:02:01 PKT" name="Agent_Desk_tick_Correct_Qs" finished-at="2020-04-30T17:02:11 PKT" duration-ms="9953" status="PASS">
          <reporter-output>
          </reporter-output>
        </test-method> <!-- Agent_Desk_tick_Correct_Qs -->
      </class> <!-- pages.Agent_desk_page -->
      <class name="pages.Customer_page">
        <test-method signature="Customer_tab()[pri:1, instance:pages.Customer_page@1e802ef9]" started-at="2020-04-30T17:02:11 PKT" name="Customer_tab" finished-at="2020-04-30T17:02:16 PKT" duration-ms="4691" status="PASS">
          <reporter-output>
          </reporter-output>
        </test-method> <!-- Customer_tab -->
        <test-method signature="Cust_Service_Req()[pri:2, instance:pages.Customer_page@1e802ef9]" started-at="2020-04-30T17:02:16 PKT" name="Cust_Service_Req" finished-at="2020-04-30T17:02:36 PKT" duration-ms="20081" status="PASS">
          <reporter-output>
          </reporter-output>
        </test-method> <!-- Cust_Service_Req -->
        <test-method signature="Cust_Cases()[pri:3, instance:pages.Customer_page@1e802ef9]" started-at="2020-04-30T17:02:36 PKT" name="Cust_Cases" finished-at="2020-04-30T17:02:57 PKT" duration-ms="21067" status="PASS">
          <reporter-output>
          </reporter-output>
        </test-method> <!-- Cust_Cases -->
      </class> <!-- pages.Customer_page -->
    </test> <!-- Test1 -->
  </suite> <!-- Suite1 -->
</testng-results>
