<?xml version="1.0" encoding="UTF-8"?>
<!-- Generated by org.testng.reporters.JUnitXMLReporter -->
<testsuite ignored="0" hostname="QA-006" failures="0" tests="4" name="Test1" time="9.942" errors="0" timestamp="2020-04-30T14:28:10 PKT">
  <testcase classname="pages.Login_Logout_Page" name="somethi" time="0.016"/>
  <testcase classname="pages.Login_Logout_Page" name="somethi1" time="0.004"/>
  <testcase classname="pages.Cases_page" name="Case_Desktop_tab" time="0.831"/>
  <testcase classname="pages.Service_Mngt_page" name="Service_management_Desktop" time="1.202"/>
</testsuite> <!-- Test1 -->
